{
  "RSpec": {
    "coverage": {
      "/Users/aniketchitale7/Documents/workspace/selt/ServicesNearBy/app/controllers/application_controller.rb": [
        1,
        1,
        1,
        1,
        0,
        null,
        null,
        null
      ],
      "/Users/aniketchitale7/Documents/workspace/selt/ServicesNearBy/spec/controllers/devise/passwords_controller_spec.rb": [
        1,
        null,
        1,
        null,
        null
      ],
      "/Users/aniketchitale7/Documents/workspace/selt/ServicesNearBy/spec/controllers/devise/sessions_controller_spec.rb": [
        1,
        1,
        null,
        1,
        1,
        1,
        1,
        1,
        null,
        null,
        null,
        1,
        1,
        1,
        1,
        1,
        1,
        1,
        null,
        null,
        null,
        1,
        1,
        1,
        1,
        1,
        null,
        null,
        null,
        null
      ],
      "/Users/aniketchitale7/Documents/workspace/selt/ServicesNearBy/spec/models/user_spec.rb": [
        1,
        1,
        1,
        1,
        1,
        null,
        null,
        1,
        1,
        1,
        1,
        null,
        null,
        1,
        1,
        1,
        1,
        null,
        null,
        1,
        1,
        null,
        null,
        null,
        1,
        null,
        null,
        null,
        1,
        1,
        null,
        null,
        null,
        null
      ]
    },
    "timestamp": 1478477927
  }
}
